#
# There is insufficient memory for the Java Runtime Environment to continue.
# Native memory allocation (malloc) failed to allocate 267008 bytes. Error detail: Chunk::new
# Possible reasons:
#   The system is out of physical RAM or swap space
#   This process is running with CompressedOops enabled, and the Java Heap may be blocking the growth of the native heap
# Possible solutions:
#   Reduce memory load on the system
#   Increase physical memory or swap space
#   Check if swap backing store is full
#   Decrease Java heap size (-Xmx/-Xms)
#   Decrease number of Java threads
#   Decrease Java thread stack sizes (-Xss)
#   Set larger code cache with -XX:ReservedCodeCacheSize=
#   JVM is running with Unscaled Compressed Oops mode in which the Java heap is
#     placed in the first 4GB address space. The Java Heap base address is the
#     maximum limit for the native heap growth. Please use -XX:HeapBaseMinAddress
#     to set the Java Heap base and to place the Java Heap above 4GB virtual address.
# This output file may be truncated or incomplete.
#
#  Out of Memory Error (arena.cpp:168), pid=19248, tid=19196
#
# JRE version: OpenJDK Runtime Environment Temurin-21.0.9+10 (21.0.9+10) (build 21.0.9+10-LTS)
# Java VM: OpenJDK 64-Bit Server VM Temurin-21.0.9+10 (21.0.9+10-LTS, mixed mode, sharing, tiered, compressed oops, compressed class ptrs, parallel gc, windows-amd64)
# Core dump will be written. Default location: c:\Users\federico.molner\Desktop\LaboratorioIntegrato\LaboratorioIntegrato-BID\hs_err_pid19248.mdmp
#

---------------  S U M M A R Y ------------

Command Line: --add-modules=ALL-SYSTEM --add-opens=java.base/java.util=ALL-UNNAMED --add-opens=java.base/java.lang=ALL-UNNAMED --add-opens=java.base/sun.nio.fs=ALL-UNNAMED -Declipse.application=org.eclipse.jdt.ls.core.id1 -Dosgi.bundles.defaultStartLevel=4 -Declipse.product=org.eclipse.jdt.ls.core.product -Djava.import.generatesMetadataFilesAtProjectRoot=false -DDetectVMInstallationsJob.disabled=true -Dfile.encoding=utf8 -XX:+UseParallelGC -XX:GCTimeRatio=4 -XX:AdaptiveSizePolicyWeight=90 -Dsun.zip.disableMemoryMapping=true -Xmx2G -Xms100m -Xlog:disable -javaagent:c:\Users\federico.molner\.vscode\extensions\redhat.java-1.50.0-win32-x64\lombok\lombok-1.18.39-4050.jar -XX:+HeapDumpOnOutOfMemoryError -XX:HeapDumpPath=c:\Users\federico.molner\AppData\Roaming\Code\User\workspaceStorage\22ace1e2c4322fccb951d12b5eb317a5\redhat.java -Daether.dependencyCollector.impl=bf c:\Users\federico.molner\.vscode\extensions\redhat.java-1.50.0-win32-x64\server\plugins\org.eclipse.equinox.launcher_1.7.100.v20251111-0406.jar -configuration c:\Users\federico.molner\AppData\Roaming\Code\User\globalStorage\redhat.java\1.50.0\config_win -data c:\Users\federico.molner\AppData\Roaming\Code\User\workspaceStorage\22ace1e2c4322fccb951d12b5eb317a5\redhat.java\jdt_ws --pipe=\\.\pipe\lsp-3d9e2efcadf9c857a05bf47e15cab0f6-sock

Host: AMD EPYC 9374F 32-Core Processor               , 4 cores, 15G,  Windows Server 2025 , 64 bit Build 26100 (10.0.26100.5074)
Time: Fri Nov 28 10:54:26 2025 ora solare Europa occidentale elapsed time: 6.725879 seconds (0d 0h 0m 6s)

---------------  T H R E A D  ---------------

Current thread (0x000002a918d42cc0):  JavaThread "C2 CompilerThread0" daemon [_thread_in_native, id=19196, stack(0x000000e9e0200000,0x000000e9e0300000) (1024K)]


Current CompileTask:
C2:6726 1696 %     4       java.io.WinNTFileSystem::normalize @ 58 (224 bytes)

Stack: [0x000000e9e0200000,0x000000e9e0300000]
Native frames: (J=compiled Java code, j=interpreted, Vv=VM code, C=native code)
V  [jvm.dll+0x6d6e29]
V  [jvm.dll+0x8b4b76]
V  [jvm.dll+0x8b712e]
V  [jvm.dll+0x8b7813]
V  [jvm.dll+0x283d86]
V  [jvm.dll+0xc66ed]
V  [jvm.dll+0xc6c31]
V  [jvm.dll+0x3be53b]
V  [jvm.dll+0x38ab92]
V  [jvm.dll+0x389fda]
V  [jvm.dll+0x24bfa0]
V  [jvm.dll+0x24b580]
V  [jvm.dll+0x1cb13e]
V  [jvm.dll+0x25b29d]
V  [jvm.dll+0x25982a]
V  [jvm.dll+0x3f7ea6]
V  [jvm.dll+0x85e9ad]
V  [jvm.dll+0x6d565d]
C  [ucrtbase.dll+0x37b0]
C  [KERNEL32.DLL+0x2e8d7]
C  [ntdll.dll+0x8d9c]


---------------  P R O C E S S  ---------------

Threads class SMR info:
_java_thread_list=0x000002a97663be60, length=12, elements={
0x000002a919436bf0, 0x000002a918d2f180, 0x000002a918d31e40, 0x000002a918d37e10,
0x000002a918d3a1d0, 0x000002a918d3ad50, 0x000002a918d3f250, 0x000002a918d42cc0,
0x000002a918d43360, 0x000002a971b2e2e0, 0x000002a971d3b760, 0x000002a9762bad60
}

Java Threads: ( => current thread )
  0x000002a919436bf0 JavaThread "main"                              [_thread_in_native, id=18576, stack(0x000000e9df800000,0x000000e9df900000) (1024K)]
  0x000002a918d2f180 JavaThread "Reference Handler"          daemon [_thread_blocked, id=4240, stack(0x000000e9dfc00000,0x000000e9dfd00000) (1024K)]
  0x000002a918d31e40 JavaThread "Finalizer"                  daemon [_thread_blocked, id=17900, stack(0x000000e9dfd00000,0x000000e9dfe00000) (1024K)]
  0x000002a918d37e10 JavaThread "Signal Dispatcher"          daemon [_thread_blocked, id=12788, stack(0x000000e9dfe00000,0x000000e9dff00000) (1024K)]
  0x000002a918d3a1d0 JavaThread "Attach Listener"            daemon [_thread_blocked, id=16660, stack(0x000000e9dff00000,0x000000e9e0000000) (1024K)]
  0x000002a918d3ad50 JavaThread "Service Thread"             daemon [_thread_blocked, id=19064, stack(0x000000e9e0000000,0x000000e9e0100000) (1024K)]
  0x000002a918d3f250 JavaThread "Monitor Deflation Thread"   daemon [_thread_blocked, id=15400, stack(0x000000e9e0100000,0x000000e9e0200000) (1024K)]
=>0x000002a918d42cc0 JavaThread "C2 CompilerThread0"         daemon [_thread_in_native, id=19196, stack(0x000000e9e0200000,0x000000e9e0300000) (1024K)]
  0x000002a918d43360 JavaThread "C1 CompilerThread0"         daemon [_thread_blocked, id=8808, stack(0x000000e9e0300000,0x000000e9e0400000) (1024K)]
  0x000002a971b2e2e0 JavaThread "Common-Cleaner"             daemon [_thread_blocked, id=12036, stack(0x000000e9e0500000,0x000000e9e0600000) (1024K)]
  0x000002a971d3b760 JavaThread "Notification Thread"        daemon [_thread_blocked, id=10168, stack(0x000000e9e0400000,0x000000e9e0500000) (1024K)]
  0x000002a9762bad60 JavaThread "Active Thread: Equinox Container: 3d7b8af1-338f-4cb5-a9b6-092d7816b147"        [_thread_blocked, id=17208, stack(0x000000e9e0600000,0x000000e9e0700000) (1024K)]
Total: 12

Other Threads:
  0x000002a918d22160 VMThread "VM Thread"                           [id=18888, stack(0x000000e9dfb00000,0x000000e9dfc00000) (1024K)]
  0x000002a918c977b0 WatcherThread "VM Periodic Task Thread"        [id=8772, stack(0x000000e9dfa00000,0x000000e9dfb00000) (1024K)]
  0x000002a918b676c0 WorkerThread "GC Thread#0"                     [id=1264, stack(0x000000e9df900000,0x000000e9dfa00000) (1024K)]
  0x000002a97637c660 WorkerThread "GC Thread#1"                     [id=19192, stack(0x000000e9e0700000,0x000000e9e0800000) (1024K)]
  0x000002a97637ca00 WorkerThread "GC Thread#2"                     [id=12560, stack(0x000000e9e0800000,0x000000e9e0900000) (1024K)]
  0x000002a97637d140 WorkerThread "GC Thread#3"                     [id=19128, stack(0x000000e9e0900000,0x000000e9e0a00000) (1024K)]
Total: 6

Threads with active compile tasks:
C2 CompilerThread0  6944 1696 %     4       java.io.WinNTFileSystem::normalize @ 58 (224 bytes)
Total: 1

VM state: not at safepoint (normal execution)

VM Mutex/Monitor currently owned by a thread: None

Heap address: 0x0000000080000000, size: 2048 MB, Compressed Oops mode: 32-bit

CDS archive(s) mapped at: [0x000002a930000000-0x000002a930ba0000-0x000002a930ba0000), size 12189696, SharedBaseAddress: 0x000002a930000000, ArchiveRelocationMode: 1.
Compressed class space mapped at: 0x000002a931000000-0x000002a971000000, reserved size: 1073741824
Narrow klass base: 0x000002a930000000, Narrow klass shift: 0, Narrow klass range: 0x100000000

GC Precious Log:
 CardTable entry size: 512
 CPUs: 4 total, 4 available
 Memory: 16383M
 Large Page Support: Disabled
 NUMA Support: Disabled
 Compressed Oops: Enabled (32-bit)
 Alignments: Space 512K, Generation 512K, Heap 2M
 Heap Min Capacity: 100M
 Heap Initial Capacity: 100M
 Heap Max Capacity: 2G
 Pre-touch: Disabled
 Parallel Workers: 4

Heap:
 PSYoungGen      total 29696K, used 27358K [0x00000000d5580000, 0x00000000d7680000, 0x0000000100000000)
  eden space 25600K, 93% used [0x00000000d5580000,0x00000000d6cfdc38,0x00000000d6e80000)
  from space 4096K, 80% used [0x00000000d6e80000,0x00000000d71b9e98,0x00000000d7280000)
  to   space 4096K, 0% used [0x00000000d7280000,0x00000000d7280000,0x00000000d7680000)
 ParOldGen       total 68608K, used 16K [0x0000000080000000, 0x0000000084300000, 0x00000000d5580000)
  object space 68608K, 0% used [0x0000000080000000,0x0000000080004000,0x0000000084300000)
 Metaspace       used 7885K, committed 8128K, reserved 1114112K
  class space    used 829K, committed 960K, reserved 1048576K

Card table byte_map: [0x000002a918f30000,0x000002a919340000] _byte_map_base: 0x000002a918b30000

Marking Bits: (ParMarkBitMap*) 0x00007fffdd512460
 Begin Bits: [0x000002a92b840000, 0x000002a92d840000)
 End Bits:   [0x000002a92d840000, 0x000002a92f840000)

Polling page: 0x000002a916e50000

Metaspace:

Usage:
  Non-class:      6.89 MB used.
      Class:    829.97 KB used.
       Both:      7.70 MB used.

Virtual space:
  Non-class space:       64.00 MB reserved,       7.00 MB ( 11%) committed,  1 nodes.
      Class space:        1.00 GB reserved,     960.00 KB ( <1%) committed,  1 nodes.
             Both:        1.06 GB reserved,       7.94 MB ( <1%) committed. 

Chunk freelists:
   Non-Class:  8.83 MB
       Class:  14.91 MB
        Both:  23.73 MB

MaxMetaspaceSize: unlimited
CompressedClassSpaceSize: 1.00 GB
Initial GC threshold: 21.00 MB
Current GC threshold: 21.00 MB
CDS: on
 - commit_granule_bytes: 65536.
 - commit_granule_words: 8192.
 - virtual_space_node_default_size: 8388608.
 - enlarge_chunks_in_place: 1.
 - use_allocation_guard: 0.


Internal statistics:

num_allocs_failed_limit: 0.
num_arena_births: 228.
num_arena_deaths: 0.
num_vsnodes_births: 2.
num_vsnodes_deaths: 0.
num_space_committed: 127.
num_space_uncommitted: 0.
num_chunks_returned_to_freelist: 0.
num_chunks_taken_from_freelist: 419.
num_chunk_merges: 0.
num_chunk_splits: 271.
num_chunks_enlarged: 178.
num_inconsistent_stats: 0.

CodeHeap 'non-profiled nmethods': size=120000Kb used=749Kb max_used=749Kb free=119250Kb
 bounds [0x000002a924060000, 0x000002a9242d0000, 0x000002a92b590000]
CodeHeap 'profiled nmethods': size=120000Kb used=2967Kb max_used=2967Kb free=117032Kb
 bounds [0x000002a91c590000, 0x000002a91c880000, 0x000002a923ac0000]
CodeHeap 'non-nmethods': size=5760Kb used=1226Kb max_used=1245Kb free=4533Kb
 bounds [0x000002a923ac0000, 0x000002a923d30000, 0x000002a924060000]
CodeCache: size=245760Kb, used=4942Kb, max_used=4961Kb, free=240815Kb
 total_blobs=2177, nmethods=1695, adapters=389, full_count=0
Compilation: enabled, stopped_count=0, restarted_count=0

Compilation events (20 events):
Event: 6.623 Thread 0x000002a918d43360 nmethod 1687 0x000002a92411ac10 code [0x000002a92411ada0, 0x000002a92411ae68]
Event: 6.626 Thread 0x000002a918d43360 1688   !   3       java.util.zip.ZipFile$CleanableResource::getInflater (47 bytes)
Event: 6.626 Thread 0x000002a918d43360 nmethod 1688 0x000002a91c86d410 code [0x000002a91c86d600, 0x000002a91c86db10]
Event: 6.626 Thread 0x000002a918d43360 1689   !   3       java.util.zip.ZipFile$CleanableResource::releaseInflater (53 bytes)
Event: 6.627 Thread 0x000002a918d43360 nmethod 1689 0x000002a91c86dd10 code [0x000002a91c86df00, 0x000002a91c86e338]
Event: 6.647 Thread 0x000002a918d43360 1691   !   3       java.net.URL::getURLStreamHandler (191 bytes)
Event: 6.648 Thread 0x000002a918d43360 nmethod 1691 0x000002a91c86e510 code [0x000002a91c86e7c0, 0x000002a91c86f5e8]
Event: 6.678 Thread 0x000002a918d43360 1692       3       java.lang.Character::isLetter (5 bytes)
Event: 6.678 Thread 0x000002a918d43360 nmethod 1692 0x000002a91c86fa90 code [0x000002a91c86fc60, 0x000002a91c86ff70]
Event: 6.678 Thread 0x000002a918d43360 1693       3       java.lang.Character::isLetter (18 bytes)
Event: 6.679 Thread 0x000002a918d43360 nmethod 1693 0x000002a91c870090 code [0x000002a91c870260, 0x000002a91c870508]
Event: 6.708 Thread 0x000002a918d43360 1694       3       java.lang.AbstractStringBuilder::appendChars (207 bytes)
Event: 6.709 Thread 0x000002a918d43360 nmethod 1694 0x000002a91c870610 code [0x000002a91c8708c0, 0x000002a91c8717f0]
Event: 6.709 Thread 0x000002a918d43360 1695       3       java.util.StringTokenizer::<init> (8 bytes)
Event: 6.709 Thread 0x000002a918d43360 nmethod 1695 0x000002a91c871d10 code [0x000002a91c871ec0, 0x000002a91c872000]
Event: 6.710 Thread 0x000002a918d42cc0 1696 %     4       java.io.WinNTFileSystem::normalize @ 58 (224 bytes)
Event: 6.712 Thread 0x000002a918d43360 1697       3       java.lang.StringBuilder::append (10 bytes)
Event: 6.713 Thread 0x000002a918d43360 nmethod 1697 0x000002a91c872090 code [0x000002a91c872240, 0x000002a91c872390]
Event: 6.713 Thread 0x000002a918d43360 1698       3       java.lang.AbstractStringBuilder::append (67 bytes)
Event: 6.713 Thread 0x000002a918d43360 nmethod 1698 0x000002a91c872490 code [0x000002a91c8726a0, 0x000002a91c872d20]

GC Heap History (2 events):
Event: 2.891 GC heap before
{Heap before GC invocations=1 (full 0):
 PSYoungGen      total 29696K, used 25600K [0x00000000d5580000, 0x00000000d7680000, 0x0000000100000000)
  eden space 25600K, 100% used [0x00000000d5580000,0x00000000d6e80000,0x00000000d6e80000)
  from space 4096K, 0% used [0x00000000d7280000,0x00000000d7280000,0x00000000d7680000)
  to   space 4096K, 0% used [0x00000000d6e80000,0x00000000d6e80000,0x00000000d7280000)
 ParOldGen       total 68608K, used 0K [0x0000000080000000, 0x0000000084300000, 0x00000000d5580000)
  object space 68608K, 0% used [0x0000000080000000,0x0000000080000000,0x0000000084300000)
 Metaspace       used 4338K, committed 4544K, reserved 1114112K
  class space    used 473K, committed 576K, reserved 1048576K
}
Event: 2.899 GC heap after
{Heap after GC invocations=1 (full 0):
 PSYoungGen      total 29696K, used 3303K [0x00000000d5580000, 0x00000000d7680000, 0x0000000100000000)
  eden space 25600K, 0% used [0x00000000d5580000,0x00000000d5580000,0x00000000d6e80000)
  from space 4096K, 80% used [0x00000000d6e80000,0x00000000d71b9e98,0x00000000d7280000)
  to   space 4096K, 0% used [0x00000000d7280000,0x00000000d7280000,0x00000000d7680000)
 ParOldGen       total 68608K, used 16K [0x0000000080000000, 0x0000000084300000, 0x00000000d5580000)
  object space 68608K, 0% used [0x0000000080000000,0x0000000080004000,0x0000000084300000)
 Metaspace       used 4338K, committed 4544K, reserved 1114112K
  class space    used 473K, committed 576K, reserved 1048576K
}

Dll operation events (8 events):
Event: 0.050 Loaded shared library c:\Users\federico.molner\.vscode\extensions\redhat.java-1.50.0-win32-x64\jre\21.0.9-win32-x86_64\bin\java.dll
Event: 0.219 Loaded shared library c:\Users\federico.molner\.vscode\extensions\redhat.java-1.50.0-win32-x64\jre\21.0.9-win32-x86_64\bin\zip.dll
Event: 0.265 Loaded shared library C:\Users\federico.molner\.vscode\extensions\redhat.java-1.50.0-win32-x64\jre\21.0.9-win32-x86_64\bin\instrument.dll
Event: 0.269 Loaded shared library C:\Users\federico.molner\.vscode\extensions\redhat.java-1.50.0-win32-x64\jre\21.0.9-win32-x86_64\bin\net.dll
Event: 0.276 Loaded shared library C:\Users\federico.molner\.vscode\extensions\redhat.java-1.50.0-win32-x64\jre\21.0.9-win32-x86_64\bin\nio.dll
Event: 0.278 Loaded shared library C:\Users\federico.molner\.vscode\extensions\redhat.java-1.50.0-win32-x64\jre\21.0.9-win32-x86_64\bin\zip.dll
Event: 0.303 Loaded shared library C:\Users\federico.molner\.vscode\extensions\redhat.java-1.50.0-win32-x64\jre\21.0.9-win32-x86_64\bin\jimage.dll
Event: 0.650 Loaded shared library c:\Users\federico.molner\.vscode\extensions\redhat.java-1.50.0-win32-x64\jre\21.0.9-win32-x86_64\bin\verify.dll

Deoptimization events (20 events):
Event: 6.256 Thread 0x000002a919436bf0 Uncommon trap: trap_request=0xffffffc6 fr.pc=0x000002a9241067cc relative=0x00000000000006ac
Event: 6.256 Thread 0x000002a919436bf0 Uncommon trap: reason=bimorphic_or_optimized_type_check action=maybe_recompile pc=0x000002a9241067cc method=java.util.Collections$UnmodifiableCollection$1.<init>(Ljava/util/Collections$UnmodifiableCollection;)V @ 17 c2
Event: 6.256 Thread 0x000002a919436bf0 DEOPT PACKING pc=0x000002a9241067cc sp=0x000000e9df8fea60
Event: 6.256 Thread 0x000002a919436bf0 DEOPT UNPACKING pc=0x000002a923b16da2 sp=0x000000e9df8fe9a8 mode 2
Event: 6.285 Thread 0x000002a919436bf0 Uncommon trap: trap_request=0xffffffc6 fr.pc=0x000002a9241067cc relative=0x00000000000006ac
Event: 6.285 Thread 0x000002a919436bf0 Uncommon trap: reason=bimorphic_or_optimized_type_check action=maybe_recompile pc=0x000002a9241067cc method=java.util.Collections$UnmodifiableCollection$1.<init>(Ljava/util/Collections$UnmodifiableCollection;)V @ 17 c2
Event: 6.285 Thread 0x000002a919436bf0 DEOPT PACKING pc=0x000002a9241067cc sp=0x000000e9df8fe920
Event: 6.285 Thread 0x000002a919436bf0 DEOPT UNPACKING pc=0x000002a923b16da2 sp=0x000000e9df8fe868 mode 2
Event: 6.454 Thread 0x000002a919436bf0 Uncommon trap: trap_request=0xffffffde fr.pc=0x000002a9240f97dc relative=0x0000000000000a5c
Event: 6.454 Thread 0x000002a919436bf0 Uncommon trap: reason=class_check action=maybe_recompile pc=0x000002a9240f97dc method=java.util.HashMap.putVal(ILjava/lang/Object;Ljava/lang/Object;ZZ)Ljava/lang/Object; @ 253 c2
Event: 6.454 Thread 0x000002a919436bf0 DEOPT PACKING pc=0x000002a9240f97dc sp=0x000000e9df8fe780
Event: 6.454 Thread 0x000002a919436bf0 DEOPT UNPACKING pc=0x000002a923b16da2 sp=0x000000e9df8fe710 mode 2
Event: 6.456 Thread 0x000002a919436bf0 Uncommon trap: trap_request=0xffffffde fr.pc=0x000002a9240f97dc relative=0x0000000000000a5c
Event: 6.456 Thread 0x000002a919436bf0 Uncommon trap: reason=class_check action=maybe_recompile pc=0x000002a9240f97dc method=java.util.HashMap.putVal(ILjava/lang/Object;Ljava/lang/Object;ZZ)Ljava/lang/Object; @ 253 c2
Event: 6.456 Thread 0x000002a919436bf0 DEOPT PACKING pc=0x000002a9240f97dc sp=0x000000e9df8fe780
Event: 6.456 Thread 0x000002a919436bf0 DEOPT UNPACKING pc=0x000002a923b16da2 sp=0x000000e9df8fe710 mode 2
Event: 6.562 Thread 0x000002a919436bf0 Uncommon trap: trap_request=0xffffffc6 fr.pc=0x000002a9241067cc relative=0x00000000000006ac
Event: 6.562 Thread 0x000002a919436bf0 Uncommon trap: reason=bimorphic_or_optimized_type_check action=maybe_recompile pc=0x000002a9241067cc method=java.util.Collections$UnmodifiableCollection$1.<init>(Ljava/util/Collections$UnmodifiableCollection;)V @ 17 c2
Event: 6.562 Thread 0x000002a919436bf0 DEOPT PACKING pc=0x000002a9241067cc sp=0x000000e9df8feb30
Event: 6.562 Thread 0x000002a919436bf0 DEOPT UNPACKING pc=0x000002a923b16da2 sp=0x000000e9df8fea78 mode 2

Classes loaded (20 events):
Event: 6.554 Loading class java/security/KeyStoreException
Event: 6.554 Loading class java/security/KeyStoreException done
Event: 6.613 Loading class java/util/LinkedList$Node
Event: 6.614 Loading class java/util/LinkedList$Node done
Event: 6.614 Loading class java/util/LinkedList$ListItr
Event: 6.614 Loading class java/util/LinkedList$ListItr done
Event: 6.616 Loading class java/lang/Thread$Builder$OfPlatform
Event: 6.617 Loading class java/lang/Thread$Builder
Event: 6.617 Loading class java/lang/Thread$Builder done
Event: 6.617 Loading class java/lang/Thread$Builder$OfPlatform done
Event: 6.617 Loading class java/lang/Thread$Builder$OfVirtual
Event: 6.617 Loading class java/lang/Thread$Builder$OfVirtual done
Event: 6.627 Loading class sun/nio/fs/WindowsChannelFactory
Event: 6.627 Loading class sun/nio/fs/WindowsChannelFactory done
Event: 6.627 Loading class sun/nio/fs/WindowsChannelFactory$1
Event: 6.627 Loading class sun/nio/fs/WindowsChannelFactory$1 done
Event: 6.627 Loading class sun/nio/fs/WindowsChannelFactory$Flags
Event: 6.627 Loading class sun/nio/fs/WindowsChannelFactory$Flags done
Event: 6.627 Loading class sun/nio/ch/FileChannelImpl$Closer
Event: 6.627 Loading class sun/nio/ch/FileChannelImpl$Closer done

Classes unloaded (0 events):
No events

Classes redefined (0 events):
No events

Internal exceptions (20 events):
Event: 2.376 Thread 0x000002a919436bf0 Exception <a 'java/lang/NoSuchMethodError'{0x00000000d65edba0}: 'java.lang.Object java.lang.invoke.DirectMethodHandle$Holder.invokeInterface(java.lang.Object, java.lang.Object, int)'> (0x00000000d65edba0) 
thrown [s\src\hotspot\share\interpreter\linkResolver.cpp, line 773]
Event: 2.562 Thread 0x000002a919436bf0 Exception <a 'java/lang/NoSuchMethodError'{0x00000000d6a54050}: 'java.lang.ClassLoader java.lang.ClassLoader.getPlatformClassLoader(java.lang.Class)'> (0x00000000d6a54050) 
thrown [s\src\hotspot\share\interpreter\linkResolver.cpp, line 773]
Event: 2.886 Thread 0x000002a919436bf0 Exception <a 'java/lang/ClassNotFoundException'{0x00000000d6e701d8}: sun/net/www/protocol/c/Handler> (0x00000000d6e701d8) 
thrown [s\src\hotspot\share\classfile\systemDictionary.cpp, line 312]
Event: 2.887 Thread 0x000002a919436bf0 Exception <a 'java/lang/ClassNotFoundException'{0x00000000d6e71600}: sun/net/www/protocol/c/Handler> (0x00000000d6e71600) 
thrown [s\src\hotspot\share\classfile\systemDictionary.cpp, line 312]
Event: 2.887 Thread 0x000002a919436bf0 Exception <a 'java/lang/ClassNotFoundException'{0x00000000d6e728a8}: sun/net/www/protocol/c/Handler> (0x00000000d6e728a8) 
thrown [s\src\hotspot\share\classfile\systemDictionary.cpp, line 312]
Event: 2.903 Thread 0x000002a919436bf0 Exception <a 'java/io/FileNotFoundException'{0x00000000d559bff8}> (0x00000000d559bff8) 
thrown [s\src\hotspot\share\prims\jni.cpp, line 520]
Event: 3.267 Thread 0x000002a919436bf0 Implicit null exception at 0x000002a9240c89c9 to 0x000002a9240c94b4
Event: 3.267 Thread 0x000002a919436bf0 Implicit null exception at 0x000002a9240c249a to 0x000002a9240c26a0
Event: 3.269 Thread 0x000002a919436bf0 Exception <a 'java/lang/NoSuchMethodError'{0x00000000d56cd9a0}: 'void java.lang.invoke.DirectMethodHandle$Holder.invokeStatic(java.lang.Object, java.lang.Object, java.lang.Object, java.lang.Object)'> (0x00000000d56cd9a0) 
thrown [s\src\hotspot\share\interpreter\linkResolver.cpp, line 773]
Event: 3.297 Thread 0x000002a919436bf0 Implicit null exception at 0x000002a9240be49a to 0x000002a9240be6a4
Event: 3.297 Thread 0x000002a919436bf0 Implicit null exception at 0x000002a9240bbf3d to 0x000002a9240bbfc1
Event: 4.089 Thread 0x000002a919436bf0 Exception <a 'java/lang/NoSuchMethodError'{0x00000000d59a9760}: 'void java.lang.invoke.DirectMethodHandle$Holder.invokeSpecial(java.lang.Object, java.lang.Object, java.lang.Object)'> (0x00000000d59a9760) 
thrown [s\src\hotspot\share\interpreter\linkResolver.cpp, line 773]
Event: 5.770 Thread 0x000002a919436bf0 Exception <a 'java/lang/NoSuchMethodError'{0x00000000d63cc940}: 'int java.lang.invoke.DirectMethodHandle$Holder.invokeVirtual(java.lang.Object, java.lang.Object)'> (0x00000000d63cc940) 
thrown [s\src\hotspot\share\interpreter\linkResolver.cpp, line 773]
Event: 6.149 Thread 0x000002a919436bf0 Exception <a 'java/lang/NoSuchMethodError'{0x00000000d6554a50}: 'int java.lang.invoke.DirectMethodHandle$Holder.invokeStaticInit(java.lang.Object, java.lang.Object, java.lang.Object, java.lang.Object)'> (0x00000000d6554a50) 
thrown [s\src\hotspot\share\interpreter\linkResolver.cpp, line 773]
Event: 6.151 Thread 0x000002a919436bf0 Exception <a 'java/lang/IncompatibleClassChangeError'{0x00000000d655ce58}: Found class java.lang.Object, but interface was expected> (0x00000000d655ce58) 
thrown [s\src\hotspot\share\interpreter\linkResolver.cpp, line 840]
Event: 6.152 Thread 0x000002a919436bf0 Exception <a 'java/lang/NoSuchMethodError'{0x00000000d6563408}: 'void java.lang.invoke.DirectMethodHandle$Holder.invokeStaticInit(java.lang.Object, java.lang.Object)'> (0x00000000d6563408) 
thrown [s\src\hotspot\share\interpreter\linkResolver.cpp, line 773]
Event: 6.152 Thread 0x000002a919436bf0 Exception <a 'java/lang/NoSuchMethodError'{0x00000000d656c700}: 'int java.lang.invoke.DirectMethodHandle$Holder.invokeStaticInit(java.lang.Object, java.lang.Object)'> (0x00000000d656c700) 
thrown [s\src\hotspot\share\interpreter\linkResolver.cpp, line 773]
Event: 6.410 Thread 0x000002a919436bf0 Exception <a 'java/lang/NoSuchMethodError'{0x00000000d67b36c8}: 'java.lang.Object java.lang.invoke.DirectMethodHandle$Holder.newInvokeSpecial(java.lang.Object, int, java.lang.Object)'> (0x00000000d67b36c8) 
thrown [s\src\hotspot\share\interpreter\linkResolver.cpp, line 773]
Event: 6.504 Thread 0x000002a919436bf0 Exception <a 'java/lang/ClassNotFoundException'{0x00000000d69cab98}: sun/net/www/protocol/plurl/Handler> (0x00000000d69cab98) 
thrown [s\src\hotspot\share\classfile\systemDictionary.cpp, line 312]
Event: 6.504 Thread 0x000002a919436bf0 Exception <a 'java/lang/ClassNotFoundException'{0x00000000d69cba18}: sun/net/www/protocol/plurl/Handler> (0x00000000d69cba18) 
thrown [s\src\hotspot\share\classfile\systemDictionary.cpp, line 312]

ZGC Phase Switch (0 events):
No events

VM Operations (20 events):
Event: 1.849 Executing VM operation: HandshakeAllThreads (Deoptimize)
Event: 1.849 Executing VM operation: HandshakeAllThreads (Deoptimize) done
Event: 1.865 Executing VM operation: HandshakeAllThreads (Deoptimize)
Event: 1.872 Executing VM operation: HandshakeAllThreads (Deoptimize) done
Event: 2.873 Executing VM operation: Cleanup
Event: 2.875 Executing VM operation: Cleanup done
Event: 2.891 Executing VM operation: ParallelGCFailedAllocation (Allocation Failure)
Event: 2.899 Executing VM operation: ParallelGCFailedAllocation (Allocation Failure) done
Event: 4.899 Executing VM operation: Cleanup
Event: 4.900 Executing VM operation: Cleanup done
Event: 5.900 Executing VM operation: Cleanup
Event: 5.900 Executing VM operation: Cleanup done
Event: 6.257 Executing VM operation: HandshakeAllThreads (Deoptimize)
Event: 6.273 Executing VM operation: HandshakeAllThreads (Deoptimize) done
Event: 6.332 Executing VM operation: HandshakeAllThreads (Deoptimize)
Event: 6.335 Executing VM operation: HandshakeAllThreads (Deoptimize) done
Event: 6.479 Executing VM operation: HandshakeAllThreads (Deoptimize)
Event: 6.479 Executing VM operation: HandshakeAllThreads (Deoptimize) done
Event: 6.499 Executing VM operation: HandshakeAllThreads (Deoptimize)
Event: 6.499 Executing VM operation: HandshakeAllThreads (Deoptimize) done

Memory protections (0 events):
No events

Nmethod flushes (0 events):
No events

Events (20 events):
Event: 0.072 Thread 0x000002a919436bf0 Thread added: 0x000002a918d31e40
Event: 0.072 Thread 0x000002a919436bf0 Thread added: 0x000002a918d37e10
Event: 0.072 Thread 0x000002a919436bf0 Thread added: 0x000002a918d3a1d0
Event: 0.072 Thread 0x000002a919436bf0 Thread added: 0x000002a918d3ad50
Event: 0.093 Thread 0x000002a919436bf0 Thread added: 0x000002a918d3f250
Event: 0.093 Thread 0x000002a919436bf0 Thread added: 0x000002a918d42cc0
Event: 0.093 Thread 0x000002a919436bf0 Thread added: 0x000002a918d43360
Event: 0.225 Thread 0x000002a918d43360 Thread added: 0x000002a971aaa920
Event: 0.266 Thread 0x000002a919436bf0 Thread added: 0x000002a971b2e2e0
Event: 0.756 Thread 0x000002a971aaa920 Thread exited: 0x000002a971aaa920
Event: 1.126 Thread 0x000002a919436bf0 Thread added: 0x000002a971d3b760
Event: 1.863 Thread 0x000002a918d43360 Thread added: 0x000002a97626c930
Event: 2.076 Thread 0x000002a97626c930 Thread exited: 0x000002a97626c930
Event: 2.430 Thread 0x000002a918d43360 Thread added: 0x000002a9762e19b0
Event: 3.016 Thread 0x000002a9762e19b0 Thread exited: 0x000002a9762e19b0
Event: 4.302 Thread 0x000002a918d43360 Thread added: 0x000002a9763e0c50
Event: 4.759 Thread 0x000002a9763e0c50 Thread exited: 0x000002a9763e0c50
Event: 5.553 Thread 0x000002a918d42cc0 Thread added: 0x000002a9767bd130
Event: 5.971 Thread 0x000002a9767bd130 Thread exited: 0x000002a9767bd130
Event: 6.171 Thread 0x000002a919436bf0 Thread added: 0x000002a9762bad60


Dynamic libraries:
0x00007ff78fe30000 - 0x00007ff78fe3e000 	c:\Users\federico.molner\.vscode\extensions\redhat.java-1.50.0-win32-x64\jre\21.0.9-win32-x86_64\bin\java.exe
0x00007ff8696a0000 - 0x00007ff869909000 	C:\WINDOWS\SYSTEM32\ntdll.dll
0x00007ff868c00000 - 0x00007ff868cc9000 	C:\WINDOWS\System32\KERNEL32.DLL
0x00007ff866990000 - 0x00007ff866d83000 	C:\WINDOWS\System32\KERNELBASE.dll
0x00007ff867270000 - 0x00007ff8673bb000 	C:\WINDOWS\System32\ucrtbase.dll
0x00007ff8258f0000 - 0x00007ff825908000 	c:\Users\federico.molner\.vscode\extensions\redhat.java-1.50.0-win32-x64\jre\21.0.9-win32-x86_64\bin\jli.dll
0x00007ff8693e0000 - 0x00007ff8695a4000 	C:\WINDOWS\System32\USER32.dll
0x00007ff852090000 - 0x00007ff852323000 	C:\WINDOWS\WinSxS\amd64_microsoft.windows.common-controls_6595b64144ccf1df_6.0.26100.5074_none_3e0d6f78e32fd63f\COMCTL32.dll
0x00007ff8695b0000 - 0x00007ff869659000 	C:\WINDOWS\System32\msvcrt.dll
0x00007ff867720000 - 0x00007ff86774b000 	C:\WINDOWS\System32\GDI32.dll
0x00007ff866830000 - 0x00007ff866857000 	C:\WINDOWS\System32\win32u.dll
0x00007ff866860000 - 0x00007ff86698d000 	C:\WINDOWS\System32\gdi32full.dll
0x00007ff8673c0000 - 0x00007ff867463000 	C:\WINDOWS\System32\msvcp_win.dll
0x00007ff82b6a0000 - 0x00007ff82b6be000 	c:\Users\federico.molner\.vscode\extensions\redhat.java-1.50.0-win32-x64\jre\21.0.9-win32-x86_64\bin\VCRUNTIME140.dll
0x00007ff8682d0000 - 0x00007ff8682ff000 	C:\WINDOWS\System32\IMM32.DLL
0x00007ff866650000 - 0x00007ff866688000 	C:\Program Files\Citrix\HDX\bin\MfApHook.dll
0x00007ff867c40000 - 0x00007ff867cf4000 	C:\WINDOWS\System32\ADVAPI32.dll
0x00007ff867570000 - 0x00007ff867616000 	C:\WINDOWS\System32\sechost.dll
0x00007ff867930000 - 0x00007ff867a48000 	C:\WINDOWS\System32\RPCRT4.dll
0x00007ff866560000 - 0x00007ff866598000 	C:\Program Files\Citrix\HDX\bin\CtxMFPlugin64.dll
0x00007ff868a60000 - 0x00007ff868bf8000 	C:\WINDOWS\System32\ole32.dll
0x00007ff867d70000 - 0x00007ff8680eb000 	C:\WINDOWS\System32\combase.dll
0x00007ff8677e0000 - 0x00007ff8678b7000 	C:\WINDOWS\System32\OLEAUT32.dll
0x00007ff866320000 - 0x00007ff866536000 	C:\WINDOWS\SYSTEM32\MFPlat.DLL
0x00007ff866290000 - 0x00007ff8662e7000 	C:\WINDOWS\SYSTEM32\CFGMGR32.dll
0x00007ff84d100000 - 0x00007ff84d10c000 	c:\Users\federico.molner\.vscode\extensions\redhat.java-1.50.0-win32-x64\jre\21.0.9-win32-x86_64\bin\VCRUNTIME140_1.dll
0x00007ff866240000 - 0x00007ff86627e000 	C:\WINDOWS\SYSTEM32\RTWorkQ.DLL
0x00007ff867470000 - 0x00007ff867560000 	C:\WINDOWS\System32\shcore.dll
0x00007ff8671d0000 - 0x00007ff867269000 	C:\WINDOWS\System32\bcryptPrimitives.dll
0x00007ff865e20000 - 0x00007ff86623b000 	C:\WINDOWS\system32\mfcore.dll
0x00007ff865c20000 - 0x00007ff865c33000 	C:\Program Files\Citrix\HDX\bin\FullScreenHook.dll
0x00007ff821720000 - 0x00007ff8217ad000 	c:\Users\federico.molner\.vscode\extensions\redhat.java-1.50.0-win32-x64\jre\21.0.9-win32-x86_64\bin\MSVCP140.dll
0x00007ff865b10000 - 0x00007ff865b8a000 	C:\Program Files\Citrix\HDX\bin\Citrix.Hdx.Seamless.Hooking.dll
0x00007ff865b00000 - 0x00007ff865b0b000 	C:\WINDOWS\SYSTEM32\VERSION.dll
0x00007ff865c90000 - 0x00007ff865cba000 	C:\WINDOWS\SYSTEM32\WTSAPI32.dll
0x00007ff866d90000 - 0x00007ff866f07000 	C:\WINDOWS\System32\CRYPT32.dll
0x00007ff865c40000 - 0x00007ff865c89000 	C:\WINDOWS\SYSTEM32\SspiCli.dll
0x00007ff8641e0000 - 0x00007ff86420f000 	C:\Program Files\Citrix\HDX\bin\SfrHook.dll
0x00007ff865a80000 - 0x00007ff865af6000 	C:\Program Files\Citrix\HDX\bin\ShellHook.dll
0x00007ff867d00000 - 0x00007ff867d62000 	C:\WINDOWS\System32\SHLWAPI.dll
0x00007ff868310000 - 0x00007ff868a5d000 	C:\WINDOWS\System32\SHELL32.dll
0x00007ff867060000 - 0x00007ff8671cc000 	C:\WINDOWS\System32\wintypes.dll
0x00007ff8658a0000 - 0x00007ff8659c7000 	C:\Program Files\Citrix\HDX\bin\SCardHook.dll
0x00007fffdc850000 - 0x00007fffdd5f0000 	c:\Users\federico.molner\.vscode\extensions\redhat.java-1.50.0-win32-x64\jre\21.0.9-win32-x86_64\bin\server\jvm.dll
0x00007ff867750000 - 0x00007ff8677c4000 	C:\WINDOWS\System32\WS2_32.dll
0x00007ff8666b0000 - 0x00007ff86670e000 	C:\WINDOWS\SYSTEM32\POWRPROF.dll
0x00007ff857770000 - 0x00007ff8577a5000 	C:\WINDOWS\SYSTEM32\WINMM.dll
0x00007ff866690000 - 0x00007ff8666a4000 	C:\WINDOWS\SYSTEM32\UMPDC.dll
0x00007ff863c50000 - 0x00007ff863c6b000 	C:\WINDOWS\SYSTEM32\kernel.appcore.dll
0x00007ff84ce20000 - 0x00007ff84ce2a000 	c:\Users\federico.molner\.vscode\extensions\redhat.java-1.50.0-win32-x64\jre\21.0.9-win32-x86_64\bin\jimage.dll
0x00007ff852830000 - 0x00007ff852a72000 	C:\WINDOWS\SYSTEM32\DBGHELP.DLL
0x00007ff853c50000 - 0x00007ff853c8d000 	C:\WINDOWS\SYSTEM32\dbgcore.DLL
0x00007ff845170000 - 0x00007ff84517f000 	c:\Users\federico.molner\.vscode\extensions\redhat.java-1.50.0-win32-x64\jre\21.0.9-win32-x86_64\bin\instrument.dll
0x00007ff824ea0000 - 0x00007ff824ec0000 	c:\Users\federico.molner\.vscode\extensions\redhat.java-1.50.0-win32-x64\jre\21.0.9-win32-x86_64\bin\java.dll
0x00007ff85db20000 - 0x00007ff85e379000 	C:\WINDOWS\SYSTEM32\windows.storage.dll
0x00007ff866720000 - 0x00007ff866749000 	C:\WINDOWS\SYSTEM32\profapi.dll
0x00007ff81c960000 - 0x00007ff81c978000 	c:\Users\federico.molner\.vscode\extensions\redhat.java-1.50.0-win32-x64\jre\21.0.9-win32-x86_64\bin\zip.dll
0x00007ff8429a0000 - 0x00007ff8429b0000 	C:\Users\federico.molner\.vscode\extensions\redhat.java-1.50.0-win32-x64\jre\21.0.9-win32-x86_64\bin\net.dll
0x00007ff860010000 - 0x00007ff86012f000 	C:\WINDOWS\SYSTEM32\WINHTTP.dll
0x00007ff864d30000 - 0x00007ff864d9b000 	C:\WINDOWS\system32\mswsock.dll
0x00007ff81c8e0000 - 0x00007ff81c8f6000 	C:\Users\federico.molner\.vscode\extensions\redhat.java-1.50.0-win32-x64\jre\21.0.9-win32-x86_64\bin\nio.dll
0x00007ff842510000 - 0x00007ff842520000 	c:\Users\federico.molner\.vscode\extensions\redhat.java-1.50.0-win32-x64\jre\21.0.9-win32-x86_64\bin\verify.dll
0x00007ff84e9f0000 - 0x00007ff84ea88000 	C:\WINDOWS\SYSTEM32\symsrv.dll
0x00007ff866750000 - 0x00007ff866776000 	C:\WINDOWS\SYSTEM32\bcrypt.dll

JVMTI agents:
c:\Users\federico.molner\.vscode\extensions\redhat.java-1.50.0-win32-x64\lombok\lombok-1.18.39-4050.jar path:c:\Users\federico.molner\.vscode\extensions\redhat.java-1.50.0-win32-x64\jre\21.0.9-win32-x86_64\bin\instrument.dll, loaded, initialized, instrumentlib options:none

dbghelp: loaded successfully - version: 4.0.5 - missing functions: none
symbol engine: initialized successfully - sym options: 0x614 - pdb path: .;c:\Users\federico.molner\.vscode\extensions\redhat.java-1.50.0-win32-x64\jre\21.0.9-win32-x86_64\bin;C:\WINDOWS\SYSTEM32;C:\WINDOWS\WinSxS\amd64_microsoft.windows.common-controls_6595b64144ccf1df_6.0.26100.5074_none_3e0d6f78e32fd63f;C:\Program Files\Citrix\HDX\bin;c:\Users\federico.molner\.vscode\extensions\redhat.java-1.50.0-win32-x64\jre\21.0.9-win32-x86_64\bin\server

VM Arguments:
jvm_args: --add-modules=ALL-SYSTEM --add-opens=java.base/java.util=ALL-UNNAMED --add-opens=java.base/java.lang=ALL-UNNAMED --add-opens=java.base/sun.nio.fs=ALL-UNNAMED -Declipse.application=org.eclipse.jdt.ls.core.id1 -Dosgi.bundles.defaultStartLevel=4 -Declipse.product=org.eclipse.jdt.ls.core.product -Djava.import.generatesMetadataFilesAtProjectRoot=false -DDetectVMInstallationsJob.disabled=true -Dfile.encoding=utf8 -XX:+UseParallelGC -XX:GCTimeRatio=4 -XX:AdaptiveSizePolicyWeight=90 -Dsun.zip.disableMemoryMapping=true -Xmx2G -Xms100m -Xlog:disable -javaagent:c:\Users\federico.molner\.vscode\extensions\redhat.java-1.50.0-win32-x64\lombok\lombok-1.18.39-4050.jar -XX:+HeapDumpOnOutOfMemoryError -XX:HeapDumpPath=c:\Users\federico.molner\AppData\Roaming\Code\User\workspaceStorage\22ace1e2c4322fccb951d12b5eb317a5\redhat.java -Daether.dependencyCollector.impl=bf 
java_command: c:\Users\federico.molner\.vscode\extensions\redhat.java-1.50.0-win32-x64\server\plugins\org.eclipse.equinox.launcher_1.7.100.v20251111-0406.jar -configuration c:\Users\federico.molner\AppData\Roaming\Code\User\globalStorage\redhat.java\1.50.0\config_win -data c:\Users\federico.molner\AppData\Roaming\Code\User\workspaceStorage\22ace1e2c4322fccb951d12b5eb317a5\redhat.java\jdt_ws --pipe=\\.\pipe\lsp-3d9e2efcadf9c857a05bf47e15cab0f6-sock
java_class_path (initial): c:\Users\federico.molner\.vscode\extensions\redhat.java-1.50.0-win32-x64\server\plugins\org.eclipse.equinox.launcher_1.7.100.v20251111-0406.jar
Launcher Type: SUN_STANDARD

[Global flags]
    uintx AdaptiveSizePolicyWeight                 = 90                                        {product} {command line}
     intx CICompilerCount                          = 3                                         {product} {ergonomic}
    uintx GCTimeRatio                              = 4                                         {product} {command line}
     bool HeapDumpOnOutOfMemoryError               = true                                   {manageable} {command line}
    ccstr HeapDumpPath                             = c:\Users\federico.molner\AppData\Roaming\Code\User\workspaceStorage\22ace1e2c4322fccb951d12b5eb317a5\redhat.java         {manageable} {command line}
   size_t InitialHeapSize                          = 104857600                                 {product} {command line}
   size_t MaxHeapSize                              = 2147483648                                {product} {command line}
   size_t MaxNewSize                               = 715653120                                 {product} {ergonomic}
   size_t MinHeapDeltaBytes                        = 524288                                    {product} {ergonomic}
   size_t MinHeapSize                              = 104857600                                 {product} {command line}
   size_t NewSize                                  = 34603008                                  {product} {ergonomic}
    uintx NonNMethodCodeHeapSize                   = 5832780                                {pd product} {ergonomic}
    uintx NonProfiledCodeHeapSize                  = 122912730                              {pd product} {ergonomic}
   size_t OldSize                                  = 70254592                                  {product} {ergonomic}
    uintx ProfiledCodeHeapSize                     = 122912730                              {pd product} {ergonomic}
    uintx ReservedCodeCacheSize                    = 251658240                              {pd product} {ergonomic}
     bool SegmentedCodeCache                       = true                                      {product} {ergonomic}
   size_t SoftMaxHeapSize                          = 2147483648                             {manageable} {ergonomic}
     bool UseCompressedOops                        = true                           {product lp64_product} {ergonomic}
     bool UseLargePagesIndividualAllocation        = false                                  {pd product} {ergonomic}
     bool UseParallelGC                            = true                                      {product} {command line}

Logging:
Log output configuration:
 #0: stdout all=off uptime,level,tags foldmultilines=false
 #1: stderr all=off uptime,level,tags foldmultilines=false

Release file:
JAVA_VERSION="21.0.9" 
MODULES="java.base java.compiler java.datatransfer java.xml java.prefs java.desktop java.instrument java.logging java.management java.security.sasl java.naming java.rmi java.management.rmi java.net.http java.scripting java.security.jgss java.transaction.xa java.sql java.sql.rowset java.xml.crypto java.se java.smartcardio jdk.accessibility jdk.internal.jvmstat jdk.attach jdk.charsets jdk.internal.opt jdk.zipfs jdk.compiler jdk.crypto.ec jdk.crypto.cryptoki jdk.crypto.mscapi jdk.dynalink jdk.internal.ed jdk.editpad jdk.hotspot.agent jdk.httpserver jdk.internal.le jdk.internal.vm.ci jdk.internal.vm.compiler jdk.internal.vm.compiler.management jdk.jartool jdk.javadoc jdk.jcmd jdk.management jdk.management.agent jdk.jconsole jdk.jdeps jdk.jdwp.agent jdk.jdi jdk.jfr jdk.jshell jdk.jsobject jdk.jstatd jdk.localedata jdk.management.jfr jdk.naming.dns jdk.naming.rmi jdk.net jdk.nio.mapmode jdk.random jdk.sctp jdk.security.auth jdk.security.jgss jdk.unsupported jdk.unsupported.desktop jdk.xml.dom" 

Environment Variables:
PATH=C:\Program Files\Microsoft SDKs\Azure\CLI2\wbin;C:\Python312\Scripts\;C:\Python312\;C:\Program Files (x86)\Common Files\Oracle\Java\java8path;C:\Program Files (x86)\Common Files\Oracle\Java\javapath;C:\WINDOWS\system32;C:\WINDOWS;C:\WINDOWS\System32\Wbem;C:\WINDOWS\System32\WindowsPowerShell\v1.0\;C:\WINDOWS\System32\OpenSSH\;C:\Program Files (x86)\Microsoft SQL Server\160\DTS\Binn\;C:\Program Files (x86)\Microsoft SQL Server\160\Tools\Binn\;C:\Program Files\Microsoft SQL Server\160\Tools\Binn\;C:\Program Files\Microsoft SQL Server\Client SDK\ODBC\170\Tools\Binn\;C:\Program Files\Microsoft SQL Server\160\DTS\Binn\;C:\Program Files\Microsoft SQL Server\150\Tools\Binn\;C:\ProgramData\chocolatey\bin;C:\Program Files (x86)\Citrix\HDX\bin\;C:\Program Files\Citrix\HDX\bin\;C:\Program Files\Git\cmd;C:\Program Files\Docker\Docker\resources\bin;C:\Users\federico.molner\AppData\Local\nvm;C:\nvm4w\nodejs;C:\Program Files\dotnet\;c:\Users\federico.molner\AppData\Local\Programs\Trae\bin;C:\Users\federico.molner\AppData\Local\Microsoft\WindowsApps;C:\Users\federico.molner\Documents\vs code\Microsoft VS Code\bin;C:\Users\federico.molner\AppData\Local\GitHubDesktop\bin;C:\Users\federico.molner\AppData\Local\nvm;C:\nvm4w\nodejs
USERNAME=federico.molner
OS=Windows_NT
PROCESSOR_IDENTIFIER=AMD64 Family 25 Model 17 Stepping 1, AuthenticAMD
TMP=C:\Users\FEDERI~1.MOL\AppData\Local\Temp\28
TEMP=C:\Users\FEDERI~1.MOL\AppData\Local\Temp\28




Periodic native trim disabled

---------------  S Y S T E M  ---------------

OS:
 Windows Server 2025 , 64 bit Build 26100 (10.0.26100.5074)
OS uptime: 23 days 2:51 hours
Hyper-V role detected

CPU: total 4 (initial active 4) (4 cores per cpu, 1 threads per core) family 25 model 17 stepping 1 microcode 0xa101154, cx8, cmov, fxsr, mmx, 3dnowpref, sse, sse2, sse3, ssse3, sse4a, sse4.1, sse4.2, popcnt, lzcnt, tsc, tscinvbit, avx, avx2, aes, erms, clmul, bmi1, bmi2, adx, avx512f, avx512dq, avx512cd, avx512bw, avx512vl, sha, fma, vzeroupper, avx512_vpopcntdq, avx512_vpclmulqdq, avx512_vaes, avx512_vnni, clflush, clflushopt, avx512_vbmi2, avx512_vbmi, hv, rdtscp, rdpid, fsrm, gfni, avx512_bitalg, f16c, cet_ss, avx512_ifma
Processor Information for the first 4 processors :
  Max Mhz: 3850, Current Mhz: 3850, Mhz Limit: 3850

Memory: 4k page, system-wide physical 16383M (530M free)
TotalPageFile size 24317M (AvailPageFile size 62M)
current process WorkingSet (physical memory assigned to process): 89M, peak: 90M
current process commit charge ("private bytes"): 225M, peak: 227M

vm_info: OpenJDK 64-Bit Server VM (21.0.9+10-LTS) for windows-amd64 JRE (21.0.9+10-LTS), built on 2025-10-21T00:00:00Z by "admin" with unknown MS VC++:1942

END.
