[0.030s][warning][cds] This file is not the one used while building the shared archive file: 'C:\Users\federico.molner\AppData\Roaming\Code\User\globalStorage\pleiades.java-extension-pack-jdk\java\latest\lib\modules', size has changed

  .   ____          _            __ _ _
 /\\ / ___'_ __ _ _(_)_ __  __ _ \ \ \ \
( ( )\___ | '_ | '_| | '_ \/ _` | \ \ \ \
 \\/  ___)| |_)| | | | | || (_| |  ) ) ) )
  '  |____| .__|_| |_|_| |_\__, | / / / /
 =========|_|==============|___/=/_/_/_/
 :: Spring Boot ::                (v3.2.0)

2025-11-27T20:53:06.006+01:00  INFO 11624 --- [           main] c.i.statistics.ConnectorJavaApplication  : Starting ConnectorJavaApplication v0.0.1-SNAPSHOT using Java 25 with PID 11624 (C:\Users\federico.molner\Desktop\LaboratorioIntegrato\LaboratorioIntegrato-BID\Connector-java\Connector-java\target\Connector-java-0.0.1-SNAPSHOT.jar started by federico.molner in C:\Users\federico.molner\Desktop\LaboratorioIntegrato\LaboratorioIntegrato-BID\Connector-java\Connector-java)
2025-11-27T20:53:06.011+01:00 DEBUG 11624 --- [           main] c.i.statistics.ConnectorJavaApplication  : Running with Spring Boot v3.2.0, Spring v6.1.1
2025-11-27T20:53:06.011+01:00  INFO 11624 --- [           main] c.i.statistics.ConnectorJavaApplication  : No active profile set, falling back to 1 default profile: "default"
2025-11-27T20:53:06.778+01:00  INFO 11624 --- [           main] .s.d.r.c.RepositoryConfigurationDelegate : Bootstrapping Spring Data JPA repositories in DEFAULT mode.
2025-11-27T20:53:06.819+01:00  INFO 11624 --- [           main] .s.d.r.c.RepositoryConfigurationDelegate : Finished Spring Data repository scanning in 34 ms. Found 1 JPA repository interface.
2025-11-27T20:53:07.739+01:00  INFO 11624 --- [           main] o.s.b.w.embedded.tomcat.TomcatWebServer  : Tomcat initialized with port 8080 (http)
2025-11-27T20:53:07.747+01:00  INFO 11624 --- [           main] o.apache.catalina.core.StandardService   : Starting service [Tomcat]
2025-11-27T20:53:07.748+01:00  INFO 11624 --- [           main] o.apache.catalina.core.StandardEngine    : Starting Servlet engine: [Apache Tomcat/10.1.16]
2025-11-27T20:53:07.804+01:00  INFO 11624 --- [           main] o.a.c.c.C.[Tomcat].[localhost].[/]       : Initializing Spring embedded WebApplicationContext
2025-11-27T20:53:07.805+01:00  INFO 11624 --- [           main] w.s.c.ServletWebServerApplicationContext : Root WebApplicationContext: initialization completed in 1713 ms
2025-11-27T20:53:07.830+01:00  INFO 11624 --- [           main] com.zaxxer.hikari.HikariDataSource       : HikariPool-1 - Starting...
2025-11-27T20:53:08.152+01:00  INFO 11624 --- [           main] com.zaxxer.hikari.pool.HikariPool        : HikariPool-1 - Added connection conn0: url=jdbc:h2:file:./data/testdb user=SA
2025-11-27T20:53:08.164+01:00  INFO 11624 --- [           main] com.zaxxer.hikari.HikariDataSource       : HikariPool-1 - Start completed.
2025-11-27T20:53:08.180+01:00  INFO 11624 --- [           main] o.s.b.a.h2.H2ConsoleAutoConfiguration    : H2 console available at '/h2-console'. Database available at 'jdbc:h2:file:./data/testdb'
2025-11-27T20:53:08.241+01:00 DEBUG 11624 --- [           main] com.its.statistics.config.ApiKeyFilter   : Filter 'apiKeyFilter' configured for use
2025-11-27T20:53:08.305+01:00  INFO 11624 --- [           main] o.hibernate.jpa.internal.util.LogHelper  : HHH000204: Processing PersistenceUnitInfo [name: default]
2025-11-27T20:53:08.353+01:00  INFO 11624 --- [           main] org.hibernate.Version                    : HHH000412: Hibernate ORM core version 6.3.1.Final
2025-11-27T20:53:08.390+01:00  INFO 11624 --- [           main] o.h.c.internal.RegionFactoryInitiator    : HHH000026: Second-level cache disabled
2025-11-27T20:53:08.594+01:00  INFO 11624 --- [           main] o.s.o.j.p.SpringPersistenceUnitInfo      : No LoadTimeWeaver setup: ignoring JPA class transformer
2025-11-27T20:53:08.635+01:00  WARN 11624 --- [           main] org.hibernate.orm.deprecation            : HHH90000025: H2Dialect does not need to be specified explicitly using 'hibernate.dialect' (remove the property setting and it will be selected by default)
2025-11-27T20:53:09.287+01:00  INFO 11624 --- [           main] o.h.e.t.j.p.i.JtaPlatformInitiator       : HHH000489: No JTA platform available (set 'hibernate.transaction.jta.platform' to enable JTA platform integration)
2025-11-27T20:53:09.327+01:00  INFO 11624 --- [           main] j.LocalContainerEntityManagerFactoryBean : Initialized JPA EntityManagerFactory for persistence unit 'default'
2025-11-27T20:53:09.771+01:00  WARN 11624 --- [           main] JpaBaseConfiguration$JpaWebConfiguration : spring.jpa.open-in-view is enabled by default. Therefore, database queries may be performed during view rendering. Explicitly configure spring.jpa.open-in-view to disable this warning
2025-11-27T20:53:11.150+01:00  INFO 11624 --- [           main] o.s.b.w.embedded.tomcat.TomcatWebServer  : Tomcat started on port 8080 (http) with context path ''
2025-11-27T20:53:11.165+01:00  INFO 11624 --- [           main] c.i.statistics.ConnectorJavaApplication  : Started ConnectorJavaApplication in 5.481 seconds (process running for 6.108)
2025-11-27T20:53:28.052+01:00  INFO 11624 --- [nio-8080-exec-3] o.a.c.c.C.[Tomcat].[localhost].[/]       : Initializing Spring DispatcherServlet 'dispatcherServlet'
2025-11-27T20:53:28.053+01:00  INFO 11624 --- [nio-8080-exec-3] o.s.web.servlet.DispatcherServlet        : Initializing Servlet 'dispatcherServlet'
2025-11-27T20:53:28.054+01:00  INFO 11624 --- [nio-8080-exec-3] o.s.web.servlet.DispatcherServlet        : Completed initialization in 1 ms
2025-11-27T20:55:57.715+01:00  INFO 11624 --- [ionShutdownHook] j.LocalContainerEntityManagerFactoryBean : Closing JPA EntityManagerFactory for persistence unit 'default'
2025-11-27T20:55:57.719+01:00  INFO 11624 --- [ionShutdownHook] com.zaxxer.hikari.HikariDataSource       : HikariPool-1 - Shutdown initiated...
2025-11-27T20:55:57.736+01:00  INFO 11624 --- [ionShutdownHook] com.zaxxer.hikari.HikariDataSource       : HikariPool-1 - Shutdown completed.
